<?xml version="1.0" encoding="UTF-8"?>
<!-- Generated by org.testng.reporters.JUnitXMLReporter -->
<testsuite hostname="W7x64" ignored="0" name="Test" tests="3" failures="0" timestamp="31 Mar 2018 16:46:02 GMT" time="508.295" errors="0">
  <testcase name="Create_Contacts" time="72.879" classname="com.TestCases.Contact_TestCase"/>
  <testcase name="TasksTests" time="121.592" classname="com.TestCases.Tasks_TestCase"/>
  <testcase name="Dealstest" time="128.168" classname="com.TestCases.Deals_TestCase"/>
</testsuite> <!-- Test -->
