<?xml version="1.0" encoding="UTF-8"?>
<!-- Generated by org.testng.reporters.JUnitXMLReporter -->
<testsuite hostname="W7x64" ignored="0" name="Test" tests="3" failures="0" timestamp="01 Apr 2018 13:17:40 GMT" time="396.325" errors="0">
  <testcase name="Create_Contacts" time="73.181" classname="com.TestCases.Contact_TestCase"/>
  <testcase name="TasksTests" time="60.97" classname="com.TestCases.Tasks_TestCase"/>
  <testcase name="Dealstest" time="67.512" classname="com.TestCases.Deals_TestCase"/>
</testsuite> <!-- Test -->
